ERROR - 2024-06-02 03:35:06 --> Error connecting to the database: mysqli_sql_exception: Unknown database 'it_proyek' in C:\xamppnew\htdocs\ItProyrak-main_3\ItProyrak-main\system\Database\MySQLi\Connection.php:187
Stack trace:
#0 C:\xamppnew\htdocs\ItProyrak-main_3\ItProyrak-main\system\Database\MySQLi\Connection.php(187): mysqli->real_connect('localhost', 'root', '', 'it_proyek', 3306, '', 0)
#1 C:\xamppnew\htdocs\ItProyrak-main_3\ItProyrak-main\system\Database\BaseConnection.php(421): CodeIgniter\Database\MySQLi\Connection->connect(false)
#2 C:\xamppnew\htdocs\ItProyrak-main_3\ItProyrak-main\system\Database\BaseConnection.php(604): CodeIgniter\Database\BaseConnection->initialize()
#3 C:\xamppnew\htdocs\ItProyrak-main_3\ItProyrak-main\system\Database\BaseBuilder.php(1629): CodeIgniter\Database\BaseConnection->query('SELECT *\nFROM `...', Array, false)
#4 C:\xamppnew\htdocs\ItProyrak-main_3\ItProyrak-main\system\Model.php(275): CodeIgniter\Database\BaseBuilder->get()
#5 C:\xamppnew\htdocs\ItProyrak-main_3\ItProyrak-main\system\BaseModel.php(676): CodeIgniter\Model->doFindAll(0, 0)
#6 C:\xamppnew\htdocs\ItProyrak-main_3\ItProyrak-main\app\Models\Profil_Model.php(15): CodeIgniter\BaseModel->findAll()
#7 C:\xamppnew\htdocs\ItProyrak-main_3\ItProyrak-main\app\Controllers\Profil.php(18): App\Models\Profil_Model->getProfil()
#8 C:\xamppnew\htdocs\ItProyrak-main_3\ItProyrak-main\system\CodeIgniter.php(933): App\Controllers\Profil->index()
#9 C:\xamppnew\htdocs\ItProyrak-main_3\ItProyrak-main\system\CodeIgniter.php(509): CodeIgniter\CodeIgniter->runController(Object(App\Controllers\Profil))
#10 C:\xamppnew\htdocs\ItProyrak-main_3\ItProyrak-main\system\CodeIgniter.php(355): CodeIgniter\CodeIgniter->handleRequest(NULL, Object(Config\Cache), false)
#11 C:\xamppnew\htdocs\ItProyrak-main_3\ItProyrak-main\system\Boot.php(312): CodeIgniter\CodeIgniter->run()
#12 C:\xamppnew\htdocs\ItProyrak-main_3\ItProyrak-main\system\Boot.php(67): CodeIgniter\Boot::runCodeIgniter(Object(CodeIgniter\CodeIgniter))
#13 C:\xamppnew\htdocs\ItProyrak-main_3\ItProyrak-main\public\index.php(56): CodeIgniter\Boot::bootWeb(Object(Config\Paths))
#14 C:\xamppnew\htdocs\ItProyrak-main_3\ItProyrak-main\system\Commands\Server\rewrite.php(49): require_once('C:\\xamppnew\\htd...')
#15 {main}

Next CodeIgniter\Database\Exceptions\DatabaseException: Unknown database 'it_proyek' in C:\xamppnew\htdocs\ItProyrak-main_3\ItProyrak-main\system\Database\MySQLi\Connection.php:231
Stack trace:
#0 C:\xamppnew\htdocs\ItProyrak-main_3\ItProyrak-main\system\Database\BaseConnection.php(421): CodeIgniter\Database\MySQLi\Connection->connect(false)
#1 C:\xamppnew\htdocs\ItProyrak-main_3\ItProyrak-main\system\Database\BaseConnection.php(604): CodeIgniter\Database\BaseConnection->initialize()
#2 C:\xamppnew\htdocs\ItProyrak-main_3\ItProyrak-main\system\Database\BaseBuilder.php(1629): CodeIgniter\Database\BaseConnection->query('SELECT *\nFROM `...', Array, false)
#3 C:\xamppnew\htdocs\ItProyrak-main_3\ItProyrak-main\system\Model.php(275): CodeIgniter\Database\BaseBuilder->get()
#4 C:\xamppnew\htdocs\ItProyrak-main_3\ItProyrak-main\system\BaseModel.php(676): CodeIgniter\Model->doFindAll(0, 0)
#5 C:\xamppnew\htdocs\ItProyrak-main_3\ItProyrak-main\app\Models\Profil_Model.php(15): CodeIgniter\BaseModel->findAll()
#6 C:\xamppnew\htdocs\ItProyrak-main_3\ItProyrak-main\app\Controllers\Profil.php(18): App\Models\Profil_Model->getProfil()
#7 C:\xamppnew\htdocs\ItProyrak-main_3\ItProyrak-main\system\CodeIgniter.php(933): App\Controllers\Profil->index()
#8 C:\xamppnew\htdocs\ItProyrak-main_3\ItProyrak-main\system\CodeIgniter.php(509): CodeIgniter\CodeIgniter->runController(Object(App\Controllers\Profil))
#9 C:\xamppnew\htdocs\ItProyrak-main_3\ItProyrak-main\system\CodeIgniter.php(355): CodeIgniter\CodeIgniter->handleRequest(NULL, Object(Config\Cache), false)
#10 C:\xamppnew\htdocs\ItProyrak-main_3\ItProyrak-main\system\Boot.php(312): CodeIgniter\CodeIgniter->run()
#11 C:\xamppnew\htdocs\ItProyrak-main_3\ItProyrak-main\system\Boot.php(67): CodeIgniter\Boot::runCodeIgniter(Object(CodeIgniter\CodeIgniter))
#12 C:\xamppnew\htdocs\ItProyrak-main_3\ItProyrak-main\public\index.php(56): CodeIgniter\Boot::bootWeb(Object(Config\Paths))
#13 C:\xamppnew\htdocs\ItProyrak-main_3\ItProyrak-main\system\Commands\Server\rewrite.php(49): require_once('C:\\xamppnew\\htd...')
#14 {main}
CRITICAL - 2024-06-02 03:35:06 --> CodeIgniter\Database\Exceptions\DatabaseException: Unable to connect to the database.
Main connection [MySQLi]: Unknown database 'it_proyek'
[Method: GET, Route: profil]
in SYSTEMPATH\Database\BaseConnection.php on line 457.
 1 SYSTEMPATH\Database\BaseConnection.php(604): CodeIgniter\Database\BaseConnection->initialize()
 2 SYSTEMPATH\Database\BaseBuilder.php(1629): CodeIgniter\Database\BaseConnection->query('SELECT *
FROM `profil`
ORDER BY `tgl_dibuat` DESC', [], false)
 3 SYSTEMPATH\Model.php(275): CodeIgniter\Database\BaseBuilder->get()
 4 SYSTEMPATH\BaseModel.php(676): CodeIgniter\Model->doFindAll(0, 0)
 5 APPPATH\Models\Profil_Model.php(15): CodeIgniter\BaseModel->findAll()
 6 APPPATH\Controllers\Profil.php(18): App\Models\Profil_Model->getProfil()
 7 SYSTEMPATH\CodeIgniter.php(933): App\Controllers\Profil->index()
 8 SYSTEMPATH\CodeIgniter.php(509): CodeIgniter\CodeIgniter->runController(Object(App\Controllers\Profil))
 9 SYSTEMPATH\CodeIgniter.php(355): CodeIgniter\CodeIgniter->handleRequest(null, Object(Config\Cache), false)
10 SYSTEMPATH\Boot.php(312): CodeIgniter\CodeIgniter->run()
11 SYSTEMPATH\Boot.php(67): CodeIgniter\Boot::runCodeIgniter(Object(CodeIgniter\CodeIgniter))
12 FCPATH\index.php(56): CodeIgniter\Boot::bootWeb(Object(Config\Paths))
13 SYSTEMPATH\Commands\Server\rewrite.php(49): require_once('C:\\xamppnew\\htdocs\\ItProyrak-main_3\\ItProyrak-main\\public\\index.php')
ERROR - 2024-06-02 03:55:57 --> Error connecting to the database: mysqli_sql_exception: Unknown database 'it_proyek' in C:\xamppnew\htdocs\ItProyrak-main_3\ItProyrak-main\system\Database\MySQLi\Connection.php:187
Stack trace:
#0 C:\xamppnew\htdocs\ItProyrak-main_3\ItProyrak-main\system\Database\MySQLi\Connection.php(187): mysqli->real_connect('localhost', 'root', '', 'it_proyek', 3306, '', 0)
#1 C:\xamppnew\htdocs\ItProyrak-main_3\ItProyrak-main\system\Database\BaseConnection.php(421): CodeIgniter\Database\MySQLi\Connection->connect(false)
#2 C:\xamppnew\htdocs\ItProyrak-main_3\ItProyrak-main\system\Database\BaseConnection.php(604): CodeIgniter\Database\BaseConnection->initialize()
#3 C:\xamppnew\htdocs\ItProyrak-main_3\ItProyrak-main\system\Database\BaseBuilder.php(1629): CodeIgniter\Database\BaseConnection->query('SELECT *\nFROM `...', Array, false)
#4 C:\xamppnew\htdocs\ItProyrak-main_3\ItProyrak-main\system\Model.php(275): CodeIgniter\Database\BaseBuilder->get()
#5 C:\xamppnew\htdocs\ItProyrak-main_3\ItProyrak-main\system\BaseModel.php(676): CodeIgniter\Model->doFindAll(0, 0)
#6 C:\xamppnew\htdocs\ItProyrak-main_3\ItProyrak-main\app\Models\Profil_Model.php(15): CodeIgniter\BaseModel->findAll()
#7 C:\xamppnew\htdocs\ItProyrak-main_3\ItProyrak-main\app\Controllers\Profil.php(18): App\Models\Profil_Model->getProfil()
#8 C:\xamppnew\htdocs\ItProyrak-main_3\ItProyrak-main\system\CodeIgniter.php(933): App\Controllers\Profil->index()
#9 C:\xamppnew\htdocs\ItProyrak-main_3\ItProyrak-main\system\CodeIgniter.php(509): CodeIgniter\CodeIgniter->runController(Object(App\Controllers\Profil))
#10 C:\xamppnew\htdocs\ItProyrak-main_3\ItProyrak-main\system\CodeIgniter.php(355): CodeIgniter\CodeIgniter->handleRequest(NULL, Object(Config\Cache), false)
#11 C:\xamppnew\htdocs\ItProyrak-main_3\ItProyrak-main\system\Boot.php(312): CodeIgniter\CodeIgniter->run()
#12 C:\xamppnew\htdocs\ItProyrak-main_3\ItProyrak-main\system\Boot.php(67): CodeIgniter\Boot::runCodeIgniter(Object(CodeIgniter\CodeIgniter))
#13 C:\xamppnew\htdocs\ItProyrak-main_3\ItProyrak-main\public\index.php(56): CodeIgniter\Boot::bootWeb(Object(Config\Paths))
#14 C:\xamppnew\htdocs\ItProyrak-main_3\ItProyrak-main\system\Commands\Server\rewrite.php(49): require_once('C:\\xamppnew\\htd...')
#15 {main}

Next CodeIgniter\Database\Exceptions\DatabaseException: Unknown database 'it_proyek' in C:\xamppnew\htdocs\ItProyrak-main_3\ItProyrak-main\system\Database\MySQLi\Connection.php:231
Stack trace:
#0 C:\xamppnew\htdocs\ItProyrak-main_3\ItProyrak-main\system\Database\BaseConnection.php(421): CodeIgniter\Database\MySQLi\Connection->connect(false)
#1 C:\xamppnew\htdocs\ItProyrak-main_3\ItProyrak-main\system\Database\BaseConnection.php(604): CodeIgniter\Database\BaseConnection->initialize()
#2 C:\xamppnew\htdocs\ItProyrak-main_3\ItProyrak-main\system\Database\BaseBuilder.php(1629): CodeIgniter\Database\BaseConnection->query('SELECT *\nFROM `...', Array, false)
#3 C:\xamppnew\htdocs\ItProyrak-main_3\ItProyrak-main\system\Model.php(275): CodeIgniter\Database\BaseBuilder->get()
#4 C:\xamppnew\htdocs\ItProyrak-main_3\ItProyrak-main\system\BaseModel.php(676): CodeIgniter\Model->doFindAll(0, 0)
#5 C:\xamppnew\htdocs\ItProyrak-main_3\ItProyrak-main\app\Models\Profil_Model.php(15): CodeIgniter\BaseModel->findAll()
#6 C:\xamppnew\htdocs\ItProyrak-main_3\ItProyrak-main\app\Controllers\Profil.php(18): App\Models\Profil_Model->getProfil()
#7 C:\xamppnew\htdocs\ItProyrak-main_3\ItProyrak-main\system\CodeIgniter.php(933): App\Controllers\Profil->index()
#8 C:\xamppnew\htdocs\ItProyrak-main_3\ItProyrak-main\system\CodeIgniter.php(509): CodeIgniter\CodeIgniter->runController(Object(App\Controllers\Profil))
#9 C:\xamppnew\htdocs\ItProyrak-main_3\ItProyrak-main\system\CodeIgniter.php(355): CodeIgniter\CodeIgniter->handleRequest(NULL, Object(Config\Cache), false)
#10 C:\xamppnew\htdocs\ItProyrak-main_3\ItProyrak-main\system\Boot.php(312): CodeIgniter\CodeIgniter->run()
#11 C:\xamppnew\htdocs\ItProyrak-main_3\ItProyrak-main\system\Boot.php(67): CodeIgniter\Boot::runCodeIgniter(Object(CodeIgniter\CodeIgniter))
#12 C:\xamppnew\htdocs\ItProyrak-main_3\ItProyrak-main\public\index.php(56): CodeIgniter\Boot::bootWeb(Object(Config\Paths))
#13 C:\xamppnew\htdocs\ItProyrak-main_3\ItProyrak-main\system\Commands\Server\rewrite.php(49): require_once('C:\\xamppnew\\htd...')
#14 {main}
CRITICAL - 2024-06-02 03:55:57 --> CodeIgniter\Database\Exceptions\DatabaseException: Unable to connect to the database.
Main connection [MySQLi]: Unknown database 'it_proyek'
[Method: GET, Route: profil]
in SYSTEMPATH\Database\BaseConnection.php on line 457.
 1 SYSTEMPATH\Database\BaseConnection.php(604): CodeIgniter\Database\BaseConnection->initialize()
 2 SYSTEMPATH\Database\BaseBuilder.php(1629): CodeIgniter\Database\BaseConnection->query('SELECT *
FROM `profil`
ORDER BY `tgl_dibuat` DESC', [], false)
 3 SYSTEMPATH\Model.php(275): CodeIgniter\Database\BaseBuilder->get()
 4 SYSTEMPATH\BaseModel.php(676): CodeIgniter\Model->doFindAll(0, 0)
 5 APPPATH\Models\Profil_Model.php(15): CodeIgniter\BaseModel->findAll()
 6 APPPATH\Controllers\Profil.php(18): App\Models\Profil_Model->getProfil()
 7 SYSTEMPATH\CodeIgniter.php(933): App\Controllers\Profil->index()
 8 SYSTEMPATH\CodeIgniter.php(509): CodeIgniter\CodeIgniter->runController(Object(App\Controllers\Profil))
 9 SYSTEMPATH\CodeIgniter.php(355): CodeIgniter\CodeIgniter->handleRequest(null, Object(Config\Cache), false)
10 SYSTEMPATH\Boot.php(312): CodeIgniter\CodeIgniter->run()
11 SYSTEMPATH\Boot.php(67): CodeIgniter\Boot::runCodeIgniter(Object(CodeIgniter\CodeIgniter))
12 FCPATH\index.php(56): CodeIgniter\Boot::bootWeb(Object(Config\Paths))
13 SYSTEMPATH\Commands\Server\rewrite.php(49): require_once('C:\\xamppnew\\htdocs\\ItProyrak-main_3\\ItProyrak-main\\public\\index.php')
CRITICAL - 2024-06-02 05:21:39 --> CodeIgniter\View\Exceptions\ViewException: Invalid file: "registrasi/registrasi.php"
[Method: GET, Route: userregistrasi]
in SYSTEMPATH\Exceptions\FrameworkException.php on line 41.
 1 SYSTEMPATH\View\View.php(222): CodeIgniter\Exceptions\FrameworkException::forInvalidFile('registrasi/registrasi.php')
 2 SYSTEMPATH\Common.php(1171): CodeIgniter\View\View->render('registrasi/registrasi', [], true)
 3 APPPATH\Controllers\Registrasi.php(9): view('registrasi/registrasi')
 4 SYSTEMPATH\CodeIgniter.php(933): App\Controllers\Registrasi->index()
 5 SYSTEMPATH\CodeIgniter.php(509): CodeIgniter\CodeIgniter->runController(Object(App\Controllers\Registrasi))
 6 SYSTEMPATH\CodeIgniter.php(355): CodeIgniter\CodeIgniter->handleRequest(null, Object(Config\Cache), false)
 7 SYSTEMPATH\Boot.php(312): CodeIgniter\CodeIgniter->run()
 8 SYSTEMPATH\Boot.php(67): CodeIgniter\Boot::runCodeIgniter(Object(CodeIgniter\CodeIgniter))
 9 FCPATH\index.php(56): CodeIgniter\Boot::bootWeb(Object(Config\Paths))
10 SYSTEMPATH\Commands\Server\rewrite.php(49): require_once('C:\\xamppnew\\htdocs\\ItProyrak-main_3\\ItProyrak-main\\public\\index.php')
ERROR - 2024-06-02 05:35:26 --> Error connecting to the database: mysqli_sql_exception: Unknown database 'it_proyek' in C:\xamppnew\htdocs\ItProyrak-main_3\ItProyrak-main\system\Database\MySQLi\Connection.php:187
Stack trace:
#0 C:\xamppnew\htdocs\ItProyrak-main_3\ItProyrak-main\system\Database\MySQLi\Connection.php(187): mysqli->real_connect('localhost', 'root', '', 'it_proyek', 3306, '', 0)
#1 C:\xamppnew\htdocs\ItProyrak-main_3\ItProyrak-main\system\Database\BaseConnection.php(421): CodeIgniter\Database\MySQLi\Connection->connect(false)
#2 C:\xamppnew\htdocs\ItProyrak-main_3\ItProyrak-main\system\Database\BaseConnection.php(604): CodeIgniter\Database\BaseConnection->initialize()
#3 C:\xamppnew\htdocs\ItProyrak-main_3\ItProyrak-main\system\Database\BaseBuilder.php(1629): CodeIgniter\Database\BaseConnection->query('SELECT *\nFROM `...', Array, false)
#4 C:\xamppnew\htdocs\ItProyrak-main_3\ItProyrak-main\system\Model.php(275): CodeIgniter\Database\BaseBuilder->get()
#5 C:\xamppnew\htdocs\ItProyrak-main_3\ItProyrak-main\system\BaseModel.php(676): CodeIgniter\Model->doFindAll(0, 0)
#6 C:\xamppnew\htdocs\ItProyrak-main_3\ItProyrak-main\app\Models\Profil_Model.php(15): CodeIgniter\BaseModel->findAll()
#7 C:\xamppnew\htdocs\ItProyrak-main_3\ItProyrak-main\app\Controllers\Profil.php(18): App\Models\Profil_Model->getProfil()
#8 C:\xamppnew\htdocs\ItProyrak-main_3\ItProyrak-main\system\CodeIgniter.php(933): App\Controllers\Profil->index()
#9 C:\xamppnew\htdocs\ItProyrak-main_3\ItProyrak-main\system\CodeIgniter.php(509): CodeIgniter\CodeIgniter->runController(Object(App\Controllers\Profil))
#10 C:\xamppnew\htdocs\ItProyrak-main_3\ItProyrak-main\system\CodeIgniter.php(355): CodeIgniter\CodeIgniter->handleRequest(NULL, Object(Config\Cache), false)
#11 C:\xamppnew\htdocs\ItProyrak-main_3\ItProyrak-main\system\Boot.php(312): CodeIgniter\CodeIgniter->run()
#12 C:\xamppnew\htdocs\ItProyrak-main_3\ItProyrak-main\system\Boot.php(67): CodeIgniter\Boot::runCodeIgniter(Object(CodeIgniter\CodeIgniter))
#13 C:\xamppnew\htdocs\ItProyrak-main_3\ItProyrak-main\public\index.php(56): CodeIgniter\Boot::bootWeb(Object(Config\Paths))
#14 C:\xamppnew\htdocs\ItProyrak-main_3\ItProyrak-main\system\Commands\Server\rewrite.php(49): require_once('C:\\xamppnew\\htd...')
#15 {main}

Next CodeIgniter\Database\Exceptions\DatabaseException: Unknown database 'it_proyek' in C:\xamppnew\htdocs\ItProyrak-main_3\ItProyrak-main\system\Database\MySQLi\Connection.php:231
Stack trace:
#0 C:\xamppnew\htdocs\ItProyrak-main_3\ItProyrak-main\system\Database\BaseConnection.php(421): CodeIgniter\Database\MySQLi\Connection->connect(false)
#1 C:\xamppnew\htdocs\ItProyrak-main_3\ItProyrak-main\system\Database\BaseConnection.php(604): CodeIgniter\Database\BaseConnection->initialize()
#2 C:\xamppnew\htdocs\ItProyrak-main_3\ItProyrak-main\system\Database\BaseBuilder.php(1629): CodeIgniter\Database\BaseConnection->query('SELECT *\nFROM `...', Array, false)
#3 C:\xamppnew\htdocs\ItProyrak-main_3\ItProyrak-main\system\Model.php(275): CodeIgniter\Database\BaseBuilder->get()
#4 C:\xamppnew\htdocs\ItProyrak-main_3\ItProyrak-main\system\BaseModel.php(676): CodeIgniter\Model->doFindAll(0, 0)
#5 C:\xamppnew\htdocs\ItProyrak-main_3\ItProyrak-main\app\Models\Profil_Model.php(15): CodeIgniter\BaseModel->findAll()
#6 C:\xamppnew\htdocs\ItProyrak-main_3\ItProyrak-main\app\Controllers\Profil.php(18): App\Models\Profil_Model->getProfil()
#7 C:\xamppnew\htdocs\ItProyrak-main_3\ItProyrak-main\system\CodeIgniter.php(933): App\Controllers\Profil->index()
#8 C:\xamppnew\htdocs\ItProyrak-main_3\ItProyrak-main\system\CodeIgniter.php(509): CodeIgniter\CodeIgniter->runController(Object(App\Controllers\Profil))
#9 C:\xamppnew\htdocs\ItProyrak-main_3\ItProyrak-main\system\CodeIgniter.php(355): CodeIgniter\CodeIgniter->handleRequest(NULL, Object(Config\Cache), false)
#10 C:\xamppnew\htdocs\ItProyrak-main_3\ItProyrak-main\system\Boot.php(312): CodeIgniter\CodeIgniter->run()
#11 C:\xamppnew\htdocs\ItProyrak-main_3\ItProyrak-main\system\Boot.php(67): CodeIgniter\Boot::runCodeIgniter(Object(CodeIgniter\CodeIgniter))
#12 C:\xamppnew\htdocs\ItProyrak-main_3\ItProyrak-main\public\index.php(56): CodeIgniter\Boot::bootWeb(Object(Config\Paths))
#13 C:\xamppnew\htdocs\ItProyrak-main_3\ItProyrak-main\system\Commands\Server\rewrite.php(49): require_once('C:\\xamppnew\\htd...')
#14 {main}
CRITICAL - 2024-06-02 05:35:26 --> CodeIgniter\Database\Exceptions\DatabaseException: Unable to connect to the database.
Main connection [MySQLi]: Unknown database 'it_proyek'
[Method: GET, Route: profil]
in SYSTEMPATH\Database\BaseConnection.php on line 457.
 1 SYSTEMPATH\Database\BaseConnection.php(604): CodeIgniter\Database\BaseConnection->initialize()
 2 SYSTEMPATH\Database\BaseBuilder.php(1629): CodeIgniter\Database\BaseConnection->query('SELECT *
FROM `profil`
ORDER BY `tgl_dibuat` DESC', [], false)
 3 SYSTEMPATH\Model.php(275): CodeIgniter\Database\BaseBuilder->get()
 4 SYSTEMPATH\BaseModel.php(676): CodeIgniter\Model->doFindAll(0, 0)
 5 APPPATH\Models\Profil_Model.php(15): CodeIgniter\BaseModel->findAll()
 6 APPPATH\Controllers\Profil.php(18): App\Models\Profil_Model->getProfil()
 7 SYSTEMPATH\CodeIgniter.php(933): App\Controllers\Profil->index()
 8 SYSTEMPATH\CodeIgniter.php(509): CodeIgniter\CodeIgniter->runController(Object(App\Controllers\Profil))
 9 SYSTEMPATH\CodeIgniter.php(355): CodeIgniter\CodeIgniter->handleRequest(null, Object(Config\Cache), false)
10 SYSTEMPATH\Boot.php(312): CodeIgniter\CodeIgniter->run()
11 SYSTEMPATH\Boot.php(67): CodeIgniter\Boot::runCodeIgniter(Object(CodeIgniter\CodeIgniter))
12 FCPATH\index.php(56): CodeIgniter\Boot::bootWeb(Object(Config\Paths))
13 SYSTEMPATH\Commands\Server\rewrite.php(49): require_once('C:\\xamppnew\\htdocs\\ItProyrak-main_3\\ItProyrak-main\\public\\index.php')
CRITICAL - 2024-06-02 08:00:07 --> ErrorException: Undefined array key "nama_property"
[Method: GET, Route: penyewa]
in APPPATH\Views\backendadmin\penyewa.php on line 86.
 1 APPPATH\Views\backendadmin\penyewa.php(86): CodeIgniter\Debug\Exceptions->errorHandler(2, 'Undefined array key "nama_property"', 'C:\\xamppnew\\htdocs\\ItProyrak-main_3\\ItProyrak-main\\app\\Views\\backendadmin\\penyewa.php', 86)
 2 SYSTEMPATH\View\View.php(234): include('C:\\xamppnew\\htdocs\\ItProyrak-main_3\\ItProyrak-main\\app\\Views\\backendadmin\\penyewa.php')
 3 SYSTEMPATH\View\View.php(237): CodeIgniter\View\View->CodeIgniter\View\{closure}()
 4 SYSTEMPATH\Common.php(1171): CodeIgniter\View\View->render('backendadmin/penyewa', [], true)
 5 APPPATH\Controllers\Penyewa.php(11): view('backendadmin/penyewa', [...])
 6 SYSTEMPATH\CodeIgniter.php(933): App\Controllers\Penyewa->index()
 7 SYSTEMPATH\CodeIgniter.php(509): CodeIgniter\CodeIgniter->runController(Object(App\Controllers\Penyewa))
 8 SYSTEMPATH\CodeIgniter.php(355): CodeIgniter\CodeIgniter->handleRequest(null, Object(Config\Cache), false)
 9 SYSTEMPATH\Boot.php(312): CodeIgniter\CodeIgniter->run()
10 SYSTEMPATH\Boot.php(67): CodeIgniter\Boot::runCodeIgniter(Object(CodeIgniter\CodeIgniter))
11 FCPATH\index.php(56): CodeIgniter\Boot::bootWeb(Object(Config\Paths))
12 SYSTEMPATH\Commands\Server\rewrite.php(49): require_once('C:\\xamppnew\\htdocs\\ItProyrak-main_3\\ItProyrak-main\\public\\index.php')
CRITICAL - 2024-06-02 08:00:51 --> ErrorException: Undefined array key "nama_property"
[Method: GET, Route: penyewa]
in APPPATH\Views\backendadmin\penyewa.php on line 86.
 1 APPPATH\Views\backendadmin\penyewa.php(86): CodeIgniter\Debug\Exceptions->errorHandler(2, 'Undefined array key "nama_property"', 'C:\\xamppnew\\htdocs\\ItProyrak-main_3\\ItProyrak-main\\app\\Views\\backendadmin\\penyewa.php', 86)
 2 SYSTEMPATH\View\View.php(234): include('C:\\xamppnew\\htdocs\\ItProyrak-main_3\\ItProyrak-main\\app\\Views\\backendadmin\\penyewa.php')
 3 SYSTEMPATH\View\View.php(237): CodeIgniter\View\View->CodeIgniter\View\{closure}()
 4 SYSTEMPATH\Common.php(1171): CodeIgniter\View\View->render('backendadmin/penyewa', [], true)
 5 APPPATH\Controllers\Penyewa.php(11): view('backendadmin/penyewa', [...])
 6 SYSTEMPATH\CodeIgniter.php(933): App\Controllers\Penyewa->index()
 7 SYSTEMPATH\CodeIgniter.php(509): CodeIgniter\CodeIgniter->runController(Object(App\Controllers\Penyewa))
 8 SYSTEMPATH\CodeIgniter.php(355): CodeIgniter\CodeIgniter->handleRequest(null, Object(Config\Cache), false)
 9 SYSTEMPATH\Boot.php(312): CodeIgniter\CodeIgniter->run()
10 SYSTEMPATH\Boot.php(67): CodeIgniter\Boot::runCodeIgniter(Object(CodeIgniter\CodeIgniter))
11 FCPATH\index.php(56): CodeIgniter\Boot::bootWeb(Object(Config\Paths))
12 SYSTEMPATH\Commands\Server\rewrite.php(49): require_once('C:\\xamppnew\\htdocs\\ItProyrak-main_3\\ItProyrak-main\\public\\index.php')
ERROR - 2024-06-02 08:02:34 --> mysqli_sql_exception: Unknown column 'property.id_penyewa' in 'on clause' in C:\xamppnew\htdocs\ItProyrak-main_3\ItProyrak-main\system\Database\MySQLi\Connection.php:308
Stack trace:
#0 C:\xamppnew\htdocs\ItProyrak-main_3\ItProyrak-main\system\Database\MySQLi\Connection.php(308): mysqli->query('SELECT *\nFROM `...', 0)
#1 C:\xamppnew\htdocs\ItProyrak-main_3\ItProyrak-main\system\Database\BaseConnection.php(722): CodeIgniter\Database\MySQLi\Connection->execute('SELECT *\nFROM `...')
#2 C:\xamppnew\htdocs\ItProyrak-main_3\ItProyrak-main\system\Database\BaseConnection.php(636): CodeIgniter\Database\BaseConnection->simpleQuery('SELECT *\nFROM `...')
#3 C:\xamppnew\htdocs\ItProyrak-main_3\ItProyrak-main\system\Database\BaseBuilder.php(1629): CodeIgniter\Database\BaseConnection->query('SELECT *\nFROM `...', Array, false)
#4 C:\xamppnew\htdocs\ItProyrak-main_3\ItProyrak-main\system\Model.php(275): CodeIgniter\Database\BaseBuilder->get()
#5 C:\xamppnew\htdocs\ItProyrak-main_3\ItProyrak-main\system\BaseModel.php(676): CodeIgniter\Model->doFindAll(0, 0)
#6 C:\xamppnew\htdocs\ItProyrak-main_3\ItProyrak-main\app\Controllers\Penyewa.php(11): CodeIgniter\BaseModel->findAll()
#7 C:\xamppnew\htdocs\ItProyrak-main_3\ItProyrak-main\system\CodeIgniter.php(933): App\Controllers\Penyewa->index()
#8 C:\xamppnew\htdocs\ItProyrak-main_3\ItProyrak-main\system\CodeIgniter.php(509): CodeIgniter\CodeIgniter->runController(Object(App\Controllers\Penyewa))
#9 C:\xamppnew\htdocs\ItProyrak-main_3\ItProyrak-main\system\CodeIgniter.php(355): CodeIgniter\CodeIgniter->handleRequest(NULL, Object(Config\Cache), false)
#10 C:\xamppnew\htdocs\ItProyrak-main_3\ItProyrak-main\system\Boot.php(312): CodeIgniter\CodeIgniter->run()
#11 C:\xamppnew\htdocs\ItProyrak-main_3\ItProyrak-main\system\Boot.php(67): CodeIgniter\Boot::runCodeIgniter(Object(CodeIgniter\CodeIgniter))
#12 C:\xamppnew\htdocs\ItProyrak-main_3\ItProyrak-main\public\index.php(56): CodeIgniter\Boot::bootWeb(Object(Config\Paths))
#13 C:\xamppnew\htdocs\ItProyrak-main_3\ItProyrak-main\system\Commands\Server\rewrite.php(49): require_once('C:\\xamppnew\\htd...')
#14 {main}
CRITICAL - 2024-06-02 08:02:34 --> CodeIgniter\Database\Exceptions\DatabaseException: Unknown column 'property.id_penyewa' in 'on clause'
[Method: GET, Route: penyewa]
in SYSTEMPATH\Database\BaseConnection.php on line 676.
 1 SYSTEMPATH\Database\BaseBuilder.php(1629): CodeIgniter\Database\BaseConnection->query('SELECT *
FROM `penyewa`
JOIN `property` ON `penyewa`.`id_property`=`property`.`id_penyewa`', [], false)
 2 SYSTEMPATH\Model.php(275): CodeIgniter\Database\BaseBuilder->get()
 3 SYSTEMPATH\BaseModel.php(676): CodeIgniter\Model->doFindAll(0, 0)
 4 APPPATH\Controllers\Penyewa.php(11): CodeIgniter\BaseModel->findAll()
 5 SYSTEMPATH\CodeIgniter.php(933): App\Controllers\Penyewa->index()
 6 SYSTEMPATH\CodeIgniter.php(509): CodeIgniter\CodeIgniter->runController(Object(App\Controllers\Penyewa))
 7 SYSTEMPATH\CodeIgniter.php(355): CodeIgniter\CodeIgniter->handleRequest(null, Object(Config\Cache), false)
 8 SYSTEMPATH\Boot.php(312): CodeIgniter\CodeIgniter->run()
 9 SYSTEMPATH\Boot.php(67): CodeIgniter\Boot::runCodeIgniter(Object(CodeIgniter\CodeIgniter))
10 FCPATH\index.php(56): CodeIgniter\Boot::bootWeb(Object(Config\Paths))
11 SYSTEMPATH\Commands\Server\rewrite.php(49): require_once('C:\\xamppnew\\htdocs\\ItProyrak-main_3\\ItProyrak-main\\public\\index.php')
CRITICAL - 2024-06-02 08:02:34 --> [Caused by] CodeIgniter\Database\Exceptions\DatabaseException: Unknown column 'property.id_penyewa' in 'on clause'
in SYSTEMPATH\Database\MySQLi\Connection.php on line 313.
 1 SYSTEMPATH\Database\BaseConnection.php(722): CodeIgniter\Database\MySQLi\Connection->execute('SELECT *
FROM `penyewa`
JOIN `property` ON `penyewa`.`id_property`=`property`.`id_penyewa`')
 2 SYSTEMPATH\Database\BaseConnection.php(636): CodeIgniter\Database\BaseConnection->simpleQuery('SELECT *
FROM `penyewa`
JOIN `property` ON `penyewa`.`id_property`=`property`.`id_penyewa`')
 3 SYSTEMPATH\Database\BaseBuilder.php(1629): CodeIgniter\Database\BaseConnection->query('SELECT *
FROM `penyewa`
JOIN `property` ON `penyewa`.`id_property`=`property`.`id_penyewa`', [], false)
 4 SYSTEMPATH\Model.php(275): CodeIgniter\Database\BaseBuilder->get()
 5 SYSTEMPATH\BaseModel.php(676): CodeIgniter\Model->doFindAll(0, 0)
 6 APPPATH\Controllers\Penyewa.php(11): CodeIgniter\BaseModel->findAll()
 7 SYSTEMPATH\CodeIgniter.php(933): App\Controllers\Penyewa->index()
 8 SYSTEMPATH\CodeIgniter.php(509): CodeIgniter\CodeIgniter->runController(Object(App\Controllers\Penyewa))
 9 SYSTEMPATH\CodeIgniter.php(355): CodeIgniter\CodeIgniter->handleRequest(null, Object(Config\Cache), false)
10 SYSTEMPATH\Boot.php(312): CodeIgniter\CodeIgniter->run()
11 SYSTEMPATH\Boot.php(67): CodeIgniter\Boot::runCodeIgniter(Object(CodeIgniter\CodeIgniter))
12 FCPATH\index.php(56): CodeIgniter\Boot::bootWeb(Object(Config\Paths))
13 SYSTEMPATH\Commands\Server\rewrite.php(49): require_once('C:\\xamppnew\\htdocs\\ItProyrak-main_3\\ItProyrak-main\\public\\index.php')
CRITICAL - 2024-06-02 08:02:34 --> [Caused by] mysqli_sql_exception: Unknown column 'property.id_penyewa' in 'on clause'
in SYSTEMPATH\Database\MySQLi\Connection.php on line 308.
 1 SYSTEMPATH\Database\MySQLi\Connection.php(308): mysqli->query('SELECT *
FROM `penyewa`
JOIN `property` ON `penyewa`.`id_property`=`property`.`id_penyewa`', 0)
 2 SYSTEMPATH\Database\BaseConnection.php(722): CodeIgniter\Database\MySQLi\Connection->execute('SELECT *
FROM `penyewa`
JOIN `property` ON `penyewa`.`id_property`=`property`.`id_penyewa`')
 3 SYSTEMPATH\Database\BaseConnection.php(636): CodeIgniter\Database\BaseConnection->simpleQuery('SELECT *
FROM `penyewa`
JOIN `property` ON `penyewa`.`id_property`=`property`.`id_penyewa`')
 4 SYSTEMPATH\Database\BaseBuilder.php(1629): CodeIgniter\Database\BaseConnection->query('SELECT *
FROM `penyewa`
JOIN `property` ON `penyewa`.`id_property`=`property`.`id_penyewa`', [], false)
 5 SYSTEMPATH\Model.php(275): CodeIgniter\Database\BaseBuilder->get()
 6 SYSTEMPATH\BaseModel.php(676): CodeIgniter\Model->doFindAll(0, 0)
 7 APPPATH\Controllers\Penyewa.php(11): CodeIgniter\BaseModel->findAll()
 8 SYSTEMPATH\CodeIgniter.php(933): App\Controllers\Penyewa->index()
 9 SYSTEMPATH\CodeIgniter.php(509): CodeIgniter\CodeIgniter->runController(Object(App\Controllers\Penyewa))
10 SYSTEMPATH\CodeIgniter.php(355): CodeIgniter\CodeIgniter->handleRequest(null, Object(Config\Cache), false)
11 SYSTEMPATH\Boot.php(312): CodeIgniter\CodeIgniter->run()
12 SYSTEMPATH\Boot.php(67): CodeIgniter\Boot::runCodeIgniter(Object(CodeIgniter\CodeIgniter))
13 FCPATH\index.php(56): CodeIgniter\Boot::bootWeb(Object(Config\Paths))
14 SYSTEMPATH\Commands\Server\rewrite.php(49): require_once('C:\\xamppnew\\htdocs\\ItProyrak-main_3\\ItProyrak-main\\public\\index.php')
CRITICAL - 2024-06-02 08:18:09 --> Error: Call to undefined method App\Controllers\Penyewa::getVar()
[Method: POST, Route: penyewa/hapus]
in APPPATH\Controllers\Penyewa.php on line 16.
 1 SYSTEMPATH\CodeIgniter.php(933): App\Controllers\Penyewa->hapus()
 2 SYSTEMPATH\CodeIgniter.php(509): CodeIgniter\CodeIgniter->runController(Object(App\Controllers\Penyewa))
 3 SYSTEMPATH\CodeIgniter.php(355): CodeIgniter\CodeIgniter->handleRequest(null, Object(Config\Cache), false)
 4 SYSTEMPATH\Boot.php(312): CodeIgniter\CodeIgniter->run()
 5 SYSTEMPATH\Boot.php(67): CodeIgniter\Boot::runCodeIgniter(Object(CodeIgniter\CodeIgniter))
 6 FCPATH\index.php(56): CodeIgniter\Boot::bootWeb(Object(Config\Paths))
 7 SYSTEMPATH\Commands\Server\rewrite.php(49): require_once('C:\\xamppnew\\htdocs\\ItProyrak-main_3\\ItProyrak-main\\public\\index.php')
CRITICAL - 2024-06-02 08:18:23 --> CodeIgniter\Database\Exceptions\DatabaseException: Deletes are not allowed unless they contain a "where" or "like" clause.
[Method: POST, Route: penyewa/hapus]
in SYSTEMPATH\Database\BaseBuilder.php on line 2794.
 1 SYSTEMPATH\Model.php(510): CodeIgniter\Database\BaseBuilder->delete()
 2 SYSTEMPATH\BaseModel.php(1158): CodeIgniter\Model->doDelete('0', false)
 3 APPPATH\Controllers\Penyewa.php(18): CodeIgniter\BaseModel->delete('0')
 4 SYSTEMPATH\CodeIgniter.php(933): App\Controllers\Penyewa->hapus()
 5 SYSTEMPATH\CodeIgniter.php(509): CodeIgniter\CodeIgniter->runController(Object(App\Controllers\Penyewa))
 6 SYSTEMPATH\CodeIgniter.php(355): CodeIgniter\CodeIgniter->handleRequest(null, Object(Config\Cache), false)
 7 SYSTEMPATH\Boot.php(312): CodeIgniter\CodeIgniter->run()
 8 SYSTEMPATH\Boot.php(67): CodeIgniter\Boot::runCodeIgniter(Object(CodeIgniter\CodeIgniter))
 9 FCPATH\index.php(56): CodeIgniter\Boot::bootWeb(Object(Config\Paths))
10 SYSTEMPATH\Commands\Server\rewrite.php(49): require_once('C:\\xamppnew\\htdocs\\ItProyrak-main_3\\ItProyrak-main\\public\\index.php')
CRITICAL - 2024-06-02 08:19:14 --> CodeIgniter\Database\Exceptions\DatabaseException: Deletes are not allowed unless they contain a "where" or "like" clause.
[Method: POST, Route: penyewa/hapus]
in SYSTEMPATH\Database\BaseBuilder.php on line 2794.
 1 SYSTEMPATH\Model.php(510): CodeIgniter\Database\BaseBuilder->delete()
 2 SYSTEMPATH\BaseModel.php(1158): CodeIgniter\Model->doDelete('0', false)
 3 APPPATH\Controllers\Penyewa.php(18): CodeIgniter\BaseModel->delete('0')
 4 SYSTEMPATH\CodeIgniter.php(933): App\Controllers\Penyewa->hapus()
 5 SYSTEMPATH\CodeIgniter.php(509): CodeIgniter\CodeIgniter->runController(Object(App\Controllers\Penyewa))
 6 SYSTEMPATH\CodeIgniter.php(355): CodeIgniter\CodeIgniter->handleRequest(null, Object(Config\Cache), false)
 7 SYSTEMPATH\Boot.php(312): CodeIgniter\CodeIgniter->run()
 8 SYSTEMPATH\Boot.php(67): CodeIgniter\Boot::runCodeIgniter(Object(CodeIgniter\CodeIgniter))
 9 FCPATH\index.php(56): CodeIgniter\Boot::bootWeb(Object(Config\Paths))
10 SYSTEMPATH\Commands\Server\rewrite.php(49): require_once('C:\\xamppnew\\htdocs\\ItProyrak-main_3\\ItProyrak-main\\public\\index.php')
CRITICAL - 2024-06-02 08:19:52 --> CodeIgniter\Database\Exceptions\DatabaseException: Deletes are not allowed unless they contain a "where" or "like" clause.
[Method: POST, Route: penyewa/hapus]
in SYSTEMPATH\Database\BaseBuilder.php on line 2794.
 1 SYSTEMPATH\Model.php(510): CodeIgniter\Database\BaseBuilder->delete()
 2 SYSTEMPATH\BaseModel.php(1158): CodeIgniter\Model->doDelete('0', false)
 3 APPPATH\Controllers\Penyewa.php(18): CodeIgniter\BaseModel->delete('0')
 4 SYSTEMPATH\CodeIgniter.php(933): App\Controllers\Penyewa->hapus()
 5 SYSTEMPATH\CodeIgniter.php(509): CodeIgniter\CodeIgniter->runController(Object(App\Controllers\Penyewa))
 6 SYSTEMPATH\CodeIgniter.php(355): CodeIgniter\CodeIgniter->handleRequest(null, Object(Config\Cache), false)
 7 SYSTEMPATH\Boot.php(312): CodeIgniter\CodeIgniter->run()
 8 SYSTEMPATH\Boot.php(67): CodeIgniter\Boot::runCodeIgniter(Object(CodeIgniter\CodeIgniter))
 9 FCPATH\index.php(56): CodeIgniter\Boot::bootWeb(Object(Config\Paths))
10 SYSTEMPATH\Commands\Server\rewrite.php(49): require_once('C:\\xamppnew\\htdocs\\ItProyrak-main_3\\ItProyrak-main\\public\\index.php')
CRITICAL - 2024-06-02 08:20:24 --> CodeIgniter\Database\Exceptions\DatabaseException: Deletes are not allowed unless they contain a "where" or "like" clause.
[Method: POST, Route: penyewa/hapus]
in SYSTEMPATH\Database\BaseBuilder.php on line 2794.
 1 SYSTEMPATH\Model.php(510): CodeIgniter\Database\BaseBuilder->delete()
 2 SYSTEMPATH\BaseModel.php(1158): CodeIgniter\Model->doDelete(0, false)
 3 APPPATH\Controllers\Penyewa.php(18): CodeIgniter\BaseModel->delete(0)
 4 SYSTEMPATH\CodeIgniter.php(933): App\Controllers\Penyewa->hapus()
 5 SYSTEMPATH\CodeIgniter.php(509): CodeIgniter\CodeIgniter->runController(Object(App\Controllers\Penyewa))
 6 SYSTEMPATH\CodeIgniter.php(355): CodeIgniter\CodeIgniter->handleRequest(null, Object(Config\Cache), false)
 7 SYSTEMPATH\Boot.php(312): CodeIgniter\CodeIgniter->run()
 8 SYSTEMPATH\Boot.php(67): CodeIgniter\Boot::runCodeIgniter(Object(CodeIgniter\CodeIgniter))
 9 FCPATH\index.php(56): CodeIgniter\Boot::bootWeb(Object(Config\Paths))
10 SYSTEMPATH\Commands\Server\rewrite.php(49): require_once('C:\\xamppnew\\htdocs\\ItProyrak-main_3\\ItProyrak-main\\public\\index.php')
INFO - 2024-06-02 08:20:36 --> Session: Class initialized using 'CodeIgniter\Session\Handlers\FileHandler' driver.
INFO - 2024-06-02 08:23:16 --> Session: Class initialized using 'CodeIgniter\Session\Handlers\FileHandler' driver.
CRITICAL - 2024-06-02 09:08:39 --> BadMethodCallException: Call to undefined method App\Models\Modelpenyewa::edit
[Method: POST, Route: penyewa/edit]
in SYSTEMPATH\Model.php on line 921.
 1 APPPATH\Controllers\Penyewa.php(31): CodeIgniter\Model->__call('edit', [...])
 2 SYSTEMPATH\CodeIgniter.php(933): App\Controllers\Penyewa->edit()
 3 SYSTEMPATH\CodeIgniter.php(509): CodeIgniter\CodeIgniter->runController(Object(App\Controllers\Penyewa))
 4 SYSTEMPATH\CodeIgniter.php(355): CodeIgniter\CodeIgniter->handleRequest(null, Object(Config\Cache), false)
 5 SYSTEMPATH\Boot.php(312): CodeIgniter\CodeIgniter->run()
 6 SYSTEMPATH\Boot.php(67): CodeIgniter\Boot::runCodeIgniter(Object(CodeIgniter\CodeIgniter))
 7 FCPATH\index.php(56): CodeIgniter\Boot::bootWeb(Object(Config\Paths))
 8 SYSTEMPATH\Commands\Server\rewrite.php(49): require_once('C:\\xamppnew\\htdocs\\ItProyrak-main_3\\ItProyrak-main\\public\\index.php')
CRITICAL - 2024-06-02 09:09:07 --> BadMethodCallException: Call to undefined method App\Models\Modelpenyewa::edit
[Method: POST, Route: penyewa/edit]
in SYSTEMPATH\Model.php on line 921.
 1 APPPATH\Controllers\Penyewa.php(31): CodeIgniter\Model->__call('edit', [...])
 2 SYSTEMPATH\CodeIgniter.php(933): App\Controllers\Penyewa->edit()
 3 SYSTEMPATH\CodeIgniter.php(509): CodeIgniter\CodeIgniter->runController(Object(App\Controllers\Penyewa))
 4 SYSTEMPATH\CodeIgniter.php(355): CodeIgniter\CodeIgniter->handleRequest(null, Object(Config\Cache), false)
 5 SYSTEMPATH\Boot.php(312): CodeIgniter\CodeIgniter->run()
 6 SYSTEMPATH\Boot.php(67): CodeIgniter\Boot::runCodeIgniter(Object(CodeIgniter\CodeIgniter))
 7 FCPATH\index.php(56): CodeIgniter\Boot::bootWeb(Object(Config\Paths))
 8 SYSTEMPATH\Commands\Server\rewrite.php(49): require_once('C:\\xamppnew\\htdocs\\ItProyrak-main_3\\ItProyrak-main\\public\\index.php')
CRITICAL - 2024-06-02 09:09:13 --> BadMethodCallException: Call to undefined method App\Models\Modelpenyewa::edit
[Method: POST, Route: penyewa/edit]
in SYSTEMPATH\Model.php on line 921.
 1 APPPATH\Controllers\Penyewa.php(31): CodeIgniter\Model->__call('edit', [...])
 2 SYSTEMPATH\CodeIgniter.php(933): App\Controllers\Penyewa->edit()
 3 SYSTEMPATH\CodeIgniter.php(509): CodeIgniter\CodeIgniter->runController(Object(App\Controllers\Penyewa))
 4 SYSTEMPATH\CodeIgniter.php(355): CodeIgniter\CodeIgniter->handleRequest(null, Object(Config\Cache), false)
 5 SYSTEMPATH\Boot.php(312): CodeIgniter\CodeIgniter->run()
 6 SYSTEMPATH\Boot.php(67): CodeIgniter\Boot::runCodeIgniter(Object(CodeIgniter\CodeIgniter))
 7 FCPATH\index.php(56): CodeIgniter\Boot::bootWeb(Object(Config\Paths))
 8 SYSTEMPATH\Commands\Server\rewrite.php(49): require_once('C:\\xamppnew\\htdocs\\ItProyrak-main_3\\ItProyrak-main\\public\\index.php')
ERROR - 2024-06-02 09:09:25 --> mysqli_sql_exception: Unknown column 'nama_property' in 'field list' in C:\xamppnew\htdocs\ItProyrak-main_3\ItProyrak-main\system\Database\MySQLi\Connection.php:308
Stack trace:
#0 C:\xamppnew\htdocs\ItProyrak-main_3\ItProyrak-main\system\Database\MySQLi\Connection.php(308): mysqli->query('UPDATE `penyewa...', 0)
#1 C:\xamppnew\htdocs\ItProyrak-main_3\ItProyrak-main\system\Database\BaseConnection.php(722): CodeIgniter\Database\MySQLi\Connection->execute('UPDATE `penyewa...')
#2 C:\xamppnew\htdocs\ItProyrak-main_3\ItProyrak-main\system\Database\BaseConnection.php(636): CodeIgniter\Database\BaseConnection->simpleQuery('UPDATE `penyewa...')
#3 C:\xamppnew\htdocs\ItProyrak-main_3\ItProyrak-main\system\Database\BaseBuilder.php(2497): CodeIgniter\Database\BaseConnection->query('UPDATE `penyewa...', Array, false)
#4 C:\xamppnew\htdocs\ItProyrak-main_3\ItProyrak-main\system\Model.php(450): CodeIgniter\Database\BaseBuilder->update()
#5 C:\xamppnew\htdocs\ItProyrak-main_3\ItProyrak-main\system\BaseModel.php(1028): CodeIgniter\Model->doUpdate(Array, Array)
#6 C:\xamppnew\htdocs\ItProyrak-main_3\ItProyrak-main\system\Model.php(854): CodeIgniter\BaseModel->update(Array, Array)
#7 C:\xamppnew\htdocs\ItProyrak-main_3\ItProyrak-main\app\Controllers\Penyewa.php(31): CodeIgniter\Model->update('2', Array)
#8 C:\xamppnew\htdocs\ItProyrak-main_3\ItProyrak-main\system\CodeIgniter.php(933): App\Controllers\Penyewa->edit()
#9 C:\xamppnew\htdocs\ItProyrak-main_3\ItProyrak-main\system\CodeIgniter.php(509): CodeIgniter\CodeIgniter->runController(Object(App\Controllers\Penyewa))
#10 C:\xamppnew\htdocs\ItProyrak-main_3\ItProyrak-main\system\CodeIgniter.php(355): CodeIgniter\CodeIgniter->handleRequest(NULL, Object(Config\Cache), false)
#11 C:\xamppnew\htdocs\ItProyrak-main_3\ItProyrak-main\system\Boot.php(312): CodeIgniter\CodeIgniter->run()
#12 C:\xamppnew\htdocs\ItProyrak-main_3\ItProyrak-main\system\Boot.php(67): CodeIgniter\Boot::runCodeIgniter(Object(CodeIgniter\CodeIgniter))
#13 C:\xamppnew\htdocs\ItProyrak-main_3\ItProyrak-main\public\index.php(56): CodeIgniter\Boot::bootWeb(Object(Config\Paths))
#14 C:\xamppnew\htdocs\ItProyrak-main_3\ItProyrak-main\system\Commands\Server\rewrite.php(49): require_once('C:\\xamppnew\\htd...')
#15 {main}
CRITICAL - 2024-06-02 09:09:25 --> CodeIgniter\Database\Exceptions\DatabaseException: Unknown column 'nama_property' in 'field list'
[Method: POST, Route: penyewa/edit]
in SYSTEMPATH\Database\BaseConnection.php on line 676.
 1 SYSTEMPATH\Database\BaseBuilder.php(2497): CodeIgniter\Database\BaseConnection->query('UPDATE `penyewa` SET `nama_penyewa` = :nama_penyewa:, `nama_property` = :nama_property:, `batas_sewa` = :batas_sewa:
WHERE `penyewa`.`id_penyewa` IN :penyewa.id_penyewa:', [...], false)
 2 SYSTEMPATH\Model.php(450): CodeIgniter\Database\BaseBuilder->update()
 3 SYSTEMPATH\BaseModel.php(1028): CodeIgniter\Model->doUpdate([...], [...])
 4 SYSTEMPATH\Model.php(854): CodeIgniter\BaseModel->update([...], [...])
 5 APPPATH\Controllers\Penyewa.php(31): CodeIgniter\Model->update('2', [...])
 6 SYSTEMPATH\CodeIgniter.php(933): App\Controllers\Penyewa->edit()
 7 SYSTEMPATH\CodeIgniter.php(509): CodeIgniter\CodeIgniter->runController(Object(App\Controllers\Penyewa))
 8 SYSTEMPATH\CodeIgniter.php(355): CodeIgniter\CodeIgniter->handleRequest(null, Object(Config\Cache), false)
 9 SYSTEMPATH\Boot.php(312): CodeIgniter\CodeIgniter->run()
10 SYSTEMPATH\Boot.php(67): CodeIgniter\Boot::runCodeIgniter(Object(CodeIgniter\CodeIgniter))
11 FCPATH\index.php(56): CodeIgniter\Boot::bootWeb(Object(Config\Paths))
12 SYSTEMPATH\Commands\Server\rewrite.php(49): require_once('C:\\xamppnew\\htdocs\\ItProyrak-main_3\\ItProyrak-main\\public\\index.php')
CRITICAL - 2024-06-02 09:09:25 --> [Caused by] CodeIgniter\Database\Exceptions\DatabaseException: Unknown column 'nama_property' in 'field list'
in SYSTEMPATH\Database\MySQLi\Connection.php on line 313.
 1 SYSTEMPATH\Database\BaseConnection.php(722): CodeIgniter\Database\MySQLi\Connection->execute('UPDATE `penyewa` SET `nama_penyewa` = \'kjhaaaaaaaaaaaa\', `nama_property` = \'mnb\', `batas_sewa` = \'2024-06-11\'
WHERE `penyewa`.`id_penyewa` IN (\'2\')')
 2 SYSTEMPATH\Database\BaseConnection.php(636): CodeIgniter\Database\BaseConnection->simpleQuery('UPDATE `penyewa` SET `nama_penyewa` = \'kjhaaaaaaaaaaaa\', `nama_property` = \'mnb\', `batas_sewa` = \'2024-06-11\'
WHERE `penyewa`.`id_penyewa` IN (\'2\')')
 3 SYSTEMPATH\Database\BaseBuilder.php(2497): CodeIgniter\Database\BaseConnection->query('UPDATE `penyewa` SET `nama_penyewa` = :nama_penyewa:, `nama_property` = :nama_property:, `batas_sewa` = :batas_sewa:
WHERE `penyewa`.`id_penyewa` IN :penyewa.id_penyewa:', [...], false)
 4 SYSTEMPATH\Model.php(450): CodeIgniter\Database\BaseBuilder->update()
 5 SYSTEMPATH\BaseModel.php(1028): CodeIgniter\Model->doUpdate([...], [...])
 6 SYSTEMPATH\Model.php(854): CodeIgniter\BaseModel->update([...], [...])
 7 APPPATH\Controllers\Penyewa.php(31): CodeIgniter\Model->update('2', [...])
 8 SYSTEMPATH\CodeIgniter.php(933): App\Controllers\Penyewa->edit()
 9 SYSTEMPATH\CodeIgniter.php(509): CodeIgniter\CodeIgniter->runController(Object(App\Controllers\Penyewa))
10 SYSTEMPATH\CodeIgniter.php(355): CodeIgniter\CodeIgniter->handleRequest(null, Object(Config\Cache), false)
11 SYSTEMPATH\Boot.php(312): CodeIgniter\CodeIgniter->run()
12 SYSTEMPATH\Boot.php(67): CodeIgniter\Boot::runCodeIgniter(Object(CodeIgniter\CodeIgniter))
13 FCPATH\index.php(56): CodeIgniter\Boot::bootWeb(Object(Config\Paths))
14 SYSTEMPATH\Commands\Server\rewrite.php(49): require_once('C:\\xamppnew\\htdocs\\ItProyrak-main_3\\ItProyrak-main\\public\\index.php')
CRITICAL - 2024-06-02 09:09:25 --> [Caused by] mysqli_sql_exception: Unknown column 'nama_property' in 'field list'
in SYSTEMPATH\Database\MySQLi\Connection.php on line 308.
 1 SYSTEMPATH\Database\MySQLi\Connection.php(308): mysqli->query('UPDATE `penyewa` SET `nama_penyewa` = \'kjhaaaaaaaaaaaa\', `nama_property` = \'mnb\', `batas_sewa` = \'2024-06-11\'
WHERE `penyewa`.`id_penyewa` IN (\'2\')', 0)
 2 SYSTEMPATH\Database\BaseConnection.php(722): CodeIgniter\Database\MySQLi\Connection->execute('UPDATE `penyewa` SET `nama_penyewa` = \'kjhaaaaaaaaaaaa\', `nama_property` = \'mnb\', `batas_sewa` = \'2024-06-11\'
WHERE `penyewa`.`id_penyewa` IN (\'2\')')
 3 SYSTEMPATH\Database\BaseConnection.php(636): CodeIgniter\Database\BaseConnection->simpleQuery('UPDATE `penyewa` SET `nama_penyewa` = \'kjhaaaaaaaaaaaa\', `nama_property` = \'mnb\', `batas_sewa` = \'2024-06-11\'
WHERE `penyewa`.`id_penyewa` IN (\'2\')')
 4 SYSTEMPATH\Database\BaseBuilder.php(2497): CodeIgniter\Database\BaseConnection->query('UPDATE `penyewa` SET `nama_penyewa` = :nama_penyewa:, `nama_property` = :nama_property:, `batas_sewa` = :batas_sewa:
WHERE `penyewa`.`id_penyewa` IN :penyewa.id_penyewa:', [...], false)
 5 SYSTEMPATH\Model.php(450): CodeIgniter\Database\BaseBuilder->update()
 6 SYSTEMPATH\BaseModel.php(1028): CodeIgniter\Model->doUpdate([...], [...])
 7 SYSTEMPATH\Model.php(854): CodeIgniter\BaseModel->update([...], [...])
 8 APPPATH\Controllers\Penyewa.php(31): CodeIgniter\Model->update('2', [...])
 9 SYSTEMPATH\CodeIgniter.php(933): App\Controllers\Penyewa->edit()
10 SYSTEMPATH\CodeIgniter.php(509): CodeIgniter\CodeIgniter->runController(Object(App\Controllers\Penyewa))
11 SYSTEMPATH\CodeIgniter.php(355): CodeIgniter\CodeIgniter->handleRequest(null, Object(Config\Cache), false)
12 SYSTEMPATH\Boot.php(312): CodeIgniter\CodeIgniter->run()
13 SYSTEMPATH\Boot.php(67): CodeIgniter\Boot::runCodeIgniter(Object(CodeIgniter\CodeIgniter))
14 FCPATH\index.php(56): CodeIgniter\Boot::bootWeb(Object(Config\Paths))
15 SYSTEMPATH\Commands\Server\rewrite.php(49): require_once('C:\\xamppnew\\htdocs\\ItProyrak-main_3\\ItProyrak-main\\public\\index.php')
INFO - 2024-06-02 09:09:47 --> Session: Class initialized using 'CodeIgniter\Session\Handlers\FileHandler' driver.
INFO - 2024-06-02 09:10:05 --> Session: Class initialized using 'CodeIgniter\Session\Handlers\FileHandler' driver.
INFO - 2024-06-02 09:10:12 --> Session: Class initialized using 'CodeIgniter\Session\Handlers\FileHandler' driver.
INFO - 2024-06-02 09:39:41 --> Session: Class initialized using 'CodeIgniter\Session\Handlers\FileHandler' driver.
