INFO - 2024-06-03 05:13:49 --> Session: Class initialized using 'CodeIgniter\Session\Handlers\FileHandler' driver.
INFO - 2024-06-03 05:15:05 --> Session: Class initialized using 'CodeIgniter\Session\Handlers\FileHandler' driver.
INFO - 2024-06-03 05:15:15 --> Session: Class initialized using 'CodeIgniter\Session\Handlers\FileHandler' driver.
INFO - 2024-06-03 10:08:29 --> Session: Class initialized using 'CodeIgniter\Session\Handlers\FileHandler' driver.
INFO - 2024-06-03 10:08:49 --> Session: Class initialized using 'CodeIgniter\Session\Handlers\FileHandler' driver.
INFO - 2024-06-03 10:20:16 --> Session: Class initialized using 'CodeIgniter\Session\Handlers\FileHandler' driver.
INFO - 2024-06-03 10:29:33 --> Session: Class initialized using 'CodeIgniter\Session\Handlers\FileHandler' driver.
CRITICAL - 2024-06-03 11:47:54 --> ErrorException: Undefined variable $data
[Method: GET, Route: detailproperty]
in APPPATH\Views\backendadmin\detailproperty.php on line 112.
 1 APPPATH\Views\backendadmin\detailproperty.php(112): CodeIgniter\Debug\Exceptions->errorHandler(2, 'Undefined variable $data', 'C:\\xamppnew\\htdocs\\ItProyrak-main_3\\ItProyrak-main\\app\\Views\\backendadmin\\detailproperty.php', 112)
 2 SYSTEMPATH\View\View.php(234): include('C:\\xamppnew\\htdocs\\ItProyrak-main_3\\ItProyrak-main\\app\\Views\\backendadmin\\detailproperty.php')
 3 SYSTEMPATH\View\View.php(237): CodeIgniter\View\View->CodeIgniter\View\{closure}()
 4 SYSTEMPATH\Common.php(1171): CodeIgniter\View\View->render('backendadmin/detailproperty', [], true)
 5 APPPATH\Controllers\DetailProperty.php(9): view('backendadmin/detailproperty')
 6 SYSTEMPATH\CodeIgniter.php(933): App\Controllers\DetailProperty->index()
 7 SYSTEMPATH\CodeIgniter.php(509): CodeIgniter\CodeIgniter->runController(Object(App\Controllers\DetailProperty))
 8 SYSTEMPATH\CodeIgniter.php(355): CodeIgniter\CodeIgniter->handleRequest(null, Object(Config\Cache), false)
 9 SYSTEMPATH\Boot.php(312): CodeIgniter\CodeIgniter->run()
10 SYSTEMPATH\Boot.php(67): CodeIgniter\Boot::runCodeIgniter(Object(CodeIgniter\CodeIgniter))
11 FCPATH\index.php(56): CodeIgniter\Boot::bootWeb(Object(Config\Paths))
12 SYSTEMPATH\Commands\Server\rewrite.php(49): require_once('C:\\xamppnew\\htdocs\\ItProyrak-main_3\\ItProyrak-main\\public\\index.php')
CRITICAL - 2024-06-03 11:50:59 --> ErrorException: Undefined variable $data
[Method: GET, Route: detailproperty]
in APPPATH\Views\backendadmin\detailproperty.php on line 112.
 1 APPPATH\Views\backendadmin\detailproperty.php(112): CodeIgniter\Debug\Exceptions->errorHandler(2, 'Undefined variable $data', 'C:\\xamppnew\\htdocs\\ItProyrak-main_3\\ItProyrak-main\\app\\Views\\backendadmin\\detailproperty.php', 112)
 2 SYSTEMPATH\View\View.php(234): include('C:\\xamppnew\\htdocs\\ItProyrak-main_3\\ItProyrak-main\\app\\Views\\backendadmin\\detailproperty.php')
 3 SYSTEMPATH\View\View.php(237): CodeIgniter\View\View->CodeIgniter\View\{closure}()
 4 SYSTEMPATH\Common.php(1171): CodeIgniter\View\View->render('backendadmin/detailproperty', [], true)
 5 APPPATH\Controllers\DetailProperty.php(9): view('backendadmin/detailproperty')
 6 SYSTEMPATH\CodeIgniter.php(933): App\Controllers\DetailProperty->index()
 7 SYSTEMPATH\CodeIgniter.php(509): CodeIgniter\CodeIgniter->runController(Object(App\Controllers\DetailProperty))
 8 SYSTEMPATH\CodeIgniter.php(355): CodeIgniter\CodeIgniter->handleRequest(null, Object(Config\Cache), false)
 9 SYSTEMPATH\Boot.php(312): CodeIgniter\CodeIgniter->run()
10 SYSTEMPATH\Boot.php(67): CodeIgniter\Boot::runCodeIgniter(Object(CodeIgniter\CodeIgniter))
11 FCPATH\index.php(56): CodeIgniter\Boot::bootWeb(Object(Config\Paths))
12 SYSTEMPATH\Commands\Server\rewrite.php(49): require_once('C:\\xamppnew\\htdocs\\ItProyrak-main_3\\ItProyrak-main\\public\\index.php')
